0 info it worked if it ends with ok
1 verbose cli [ 'D:\\Program Files (x86)\\nodejs\\node.exe',
1 verbose cli   'C:\\Users\\wangpengfei\\AppData\\Roaming\\npm\\node_modules\\npm\\bin\\npm-cli.js',
1 verbose cli   'run',
1 verbose cli   'build' ]
2 info using npm@4.1.1
3 info using node@v6.9.2
4 verbose run-script [ 'prebuild', 'build', 'postbuild' ]
5 info lifecycle vuejs-java-starter@~prebuild: vuejs-java-starter@
6 silly lifecycle vuejs-java-starter@~prebuild: no script for prebuild, continuing
7 info lifecycle vuejs-java-starter@~build: vuejs-java-starter@
8 verbose lifecycle vuejs-java-starter@~build: unsafe-perm in lifecycle true
9 verbose lifecycle vuejs-java-starter@~build: PATH: C:\Users\wangpengfei\AppData\Roaming\npm\node_modules\npm\bin\node-gyp-bin;d:\01_develop\workspace_springboot\flybird\node_modules\.bin;d:\android-sdk\\platform-tools;C:\ProgramData\Oracle\Java\javapath;C:\Windows\system32;C:\Windows;C:\Windows\System32\Wbem;C:\Windows\System32\WindowsPowerShell\v1.0\;C:\Program Files\Intel\WiFi\bin\;C:\Program Files\Common Files\Intel\WirelessCommon\;C:\Program Files (x86)\Intel\Intel(R) Management Engine Components\DAL;C:\Program Files\Intel\Intel(R) Management Engine Components\DAL;C:\Program Files (x86)\Intel\Intel(R) Management Engine Components\IPT;C:\Program Files\Intel\Intel(R) Management Engine Components\IPT;C:\Program Files\ThinkPad\Bluetooth Software\;C:\Program Files\ThinkPad\Bluetooth Software\syswow64;;C:\Program Files (x86)\Intel\OpenCL SDK\2.0\bin\x86;C:\Program Files (x86)\Intel\OpenCL SDK\2.0\bin\x64;d:\Program Files (x86)\Java\jdk1.8.0_65\bin;d:\Program Files (x86)\apache-tomcat-6.0.48\lib;d:\Program Files (x86)\apache-tomcat-6.0.48\bin;d:\short\;D:\Program Files (x86)\nodejs\;C:\Program Files\TortoiseSVN\bin;d:\Program Files (x86)\apache-maven-3.3.9\bin;d:\ProgramData\Anaconda3;d:\ProgramData\Anaconda3\Scripts;d:\ProgramData\Anaconda3\Library\bin;C:\Program Files\Intel\WiFi\bin\;C:\Program Files\Common Files\Intel\WirelessCommon\;C:\Users\wangpengfei\AppData\Roaming\npm;C:\Users\wangpengfei\AppData\Local\atom\bin
10 verbose lifecycle vuejs-java-starter@~build: CWD: d:\01_develop\workspace_springboot\flybird
11 silly lifecycle vuejs-java-starter@~build: Args: [ '/d /s /c',
11 silly lifecycle   'rimraf src/main/resources/static/dist && webpack --progress --hide-modules --config build/webpack.prod.conf.js' ]
12 silly lifecycle vuejs-java-starter@~build: Returned: code: 1  signal: null
13 info lifecycle vuejs-java-starter@~build: Failed to exec build script
14 verbose stack Error: vuejs-java-starter@ build: `rimraf src/main/resources/static/dist && webpack --progress --hide-modules --config build/webpack.prod.conf.js`
14 verbose stack Exit status 1
14 verbose stack     at EventEmitter.<anonymous> (C:\Users\wangpengfei\AppData\Roaming\npm\node_modules\npm\lib\utils\lifecycle.js:279:16)
14 verbose stack     at emitTwo (events.js:106:13)
14 verbose stack     at EventEmitter.emit (events.js:191:7)
14 verbose stack     at ChildProcess.<anonymous> (C:\Users\wangpengfei\AppData\Roaming\npm\node_modules\npm\lib\utils\spawn.js:40:14)
14 verbose stack     at emitTwo (events.js:106:13)
14 verbose stack     at ChildProcess.emit (events.js:191:7)
14 verbose stack     at maybeClose (internal/child_process.js:877:16)
14 verbose stack     at Process.ChildProcess._handle.onexit (internal/child_process.js:226:5)
15 verbose pkgid vuejs-java-starter@
16 verbose cwd d:\01_develop\workspace_springboot\flybird
17 error Windows_NT 6.1.7601
18 error argv "D:\\Program Files (x86)\\nodejs\\node.exe" "C:\\Users\\wangpengfei\\AppData\\Roaming\\npm\\node_modules\\npm\\bin\\npm-cli.js" "run" "build"
19 error node v6.9.2
20 error npm  v4.1.1
21 error code ELIFECYCLE
22 error vuejs-java-starter@ build: `rimraf src/main/resources/static/dist && webpack --progress --hide-modules --config build/webpack.prod.conf.js`
22 error Exit status 1
23 error Failed at the vuejs-java-starter@ build script 'rimraf src/main/resources/static/dist && webpack --progress --hide-modules --config build/webpack.prod.conf.js'.
23 error Make sure you have the latest version of node.js and npm installed.
23 error If you do, this is most likely a problem with the vuejs-java-starter package,
23 error not with npm itself.
23 error Tell the author that this fails on your system:
23 error     rimraf src/main/resources/static/dist && webpack --progress --hide-modules --config build/webpack.prod.conf.js
23 error You can get information on how to open an issue for this project with:
23 error     npm bugs vuejs-java-starter
23 error Or if that isn't available, you can get their info via:
23 error     npm owner ls vuejs-java-starter
23 error There is likely additional logging output above.
24 verbose exit [ 1, true ]
